[debug] [2021-05-26T13:18:41.384Z] ----------------------------------------------------------------------
[debug] [2021-05-26T13:18:41.386Z] Command:       /usr/bin/node /usr/bin/firebase init
[debug] [2021-05-26T13:18:41.388Z] CLI Version:   9.11.0
[debug] [2021-05-26T13:18:41.388Z] Platform:      linux
[debug] [2021-05-26T13:18:41.389Z] Node Version:  v14.17.0
[debug] [2021-05-26T13:18:41.389Z] Time:          Wed May 26 2021 15:18:41 GMT+0200 (Central European Summer Time)
[debug] [2021-05-26T13:18:41.389Z] ----------------------------------------------------------------------
[debug] 
[debug] [2021-05-26T13:18:41.394Z] > command requires scopes: ["email","openid","https://www.googleapis.com/auth/cloudplatformprojects.readonly","https://www.googleapis.com/auth/firebase","https://www.googleapis.com/auth/cloud-platform"]
[debug] [2021-05-26T13:18:41.394Z] > authorizing via signed-in user (gabrielstroe09@gmail.com)
[info] 
     ######## #### ########  ######## ########     ###     ######  ########
     ##        ##  ##     ## ##       ##     ##  ##   ##  ##       ##
     ######    ##  ########  ######   ########  #########  ######  ######
     ##        ##  ##    ##  ##       ##     ## ##     ##       ## ##
     ##       #### ##     ## ######## ########  ##     ##  ######  ########

You're about to initialize a Firebase project in this directory:

  /home/baba/Desktop/LoveAndHate/spaceships/weatherapp

[info] 
=== Project Setup
[info] 
[info] First, let's associate this project directory with a Firebase project.
[info] You can create multiple project aliases by running firebase use --add, 
[info] but for now we'll just set up a default project.
[info] 
[debug] [2021-05-26T13:19:14.563Z] >>> [apiv2][query] GET https://firebase.googleapis.com/v1beta1/projects pageSize=100
[debug] [2021-05-26T13:19:15.023Z] <<< [apiv2][status] GET https://firebase.googleapis.com/v1beta1/projects 200
[debug] [2021-05-26T13:19:15.023Z] <<< [apiv2][body] GET https://firebase.googleapis.com/v1beta1/projects [omitted]
[info] i  Using project reactweatherapp-3517b (reactWeatherApp) 
[info] 
=== Hosting Setup
[info] 
[info] Your public directory is the folder (relative to your project directory) that
[info] will contain Hosting assets to be uploaded with firebase deploy. If you
[info] have a build process for your assets, use your build's output directory.
[info] 
[debug] [2021-05-26T13:20:12.859Z] >>> [apiv2][query] GET https://www.gstatic.com/firebasejs/releases.json [none]
[debug] [2021-05-26T13:20:12.983Z] <<< [apiv2][status] GET https://www.gstatic.com/firebasejs/releases.json 200
[debug] [2021-05-26T13:20:12.983Z] <<< [apiv2][body] GET https://www.gstatic.com/firebasejs/releases.json {"current":{"version":"8.6.2","browserURL":"https://www.gstatic.com/firebasejs/8.6.2/firebase.js","packageURL":"https://www.gstatic.com/firebasejs/8.6.2/firebase.tgz"},"live":{"version":"8.6","browserURL":"https://www.gstatic.com/firebasejs/live/8.6/firebase.js","packageURL":"https://www.gstatic.com/firebasejs/live/8.6/firebase.tgz"},"components":{"analytics":"https://www.gstatic.com/firebasejs/8.6.2/firebase-analytics.js","app":"https://www.gstatic.com/firebasejs/8.6.2/firebase-app.js","app-check":"https://www.gstatic.com/firebasejs/8.6.2/firebase-app-check.js","auth":"https://www.gstatic.com/firebasejs/8.6.2/firebase-auth.js","database":"https://www.gstatic.com/firebasejs/8.6.2/firebase-database.js","firestore":"https://www.gstatic.com/firebasejs/8.6.2/firebase-firestore.js","functions":"https://www.gstatic.com/firebasejs/8.6.2/firebase-functions.js","installations":"https://www.gstatic.com/firebasejs/8.6.2/firebase-installations.js","messaging":"https://www.gstatic.com/firebasejs/8.6.2/firebase-messaging.js","storage":"https://www.gstatic.com/firebasejs/8.6.2/firebase-storage.js","performance":"https://www.gstatic.com/firebasejs/8.6.2/firebase-performance.js","remote-config":"https://www.gstatic.com/firebasejs/8.6.2/firebase-remote-config.js","firestore.memory":"https://www.gstatic.com/firebasejs/8.6.2/firebase-firestore.memory.js"}}
[info] i  Skipping write of build/index.html 
[info] 
[info] i  Detected a .git folder at /home/baba/Desktop/LoveAndHate/spaceships/weatherapp 
[info] i  Authorizing with GitHub to upload your service account to a GitHub repository's secrets store. 
[info] 
[info] Visit this URL on this device to log in:
[info] https://github.com/login/oauth/authorize?client_id=89cf50f02ac6aaed3484&state=64151250&redirect_uri=http%3A%2F%2Flocalhost%3A9005&scope=read%3Auser%20repo%20public_repo
[info] 
[info] Waiting for authentication...
[debug] [2021-05-26T13:20:22.302Z] >>> HTTP REQUEST POST https://github.com/login/oauth/access_token  
 {"client_id":"89cf50f02ac6aaed3484","client_secret":"3330d14abc895d9a74d5f17cd7a00711fa2c5bf0","code":"7a0e34e7388673ab8fe8","redirect_uri":"http://localhost:9005","state":"64151250"}
[debug] [2021-05-26T13:20:22.595Z] <<< HTTP RESPONSE 200 {"server":"GitHub.com","date":"Wed, 26 May 2021 13:20:22 GMT","content-type":"application/json; charset=utf-8","transfer-encoding":"chunked","vary":"X-PJAX, Accept-Encoding, Accept, X-Requested-With","permissions-policy":"interest-cohort=()","etag":"W/\"e77702ca823c5130c357e9965c7a0f6b\"","cache-control":"max-age=0, private, must-revalidate","strict-transport-security":"max-age=31536000; includeSubdomains; preload","x-frame-options":"deny","x-content-type-options":"nosniff","x-xss-protection":"0","referrer-policy":"origin-when-cross-origin, strict-origin-when-cross-origin","expect-ct":"max-age=2592000, report-uri=\"https://api.github.com/_private/browser/errors\"","content-security-policy":"default-src 'none'; base-uri 'self'; block-all-mixed-content; connect-src 'self' uploads.github.com www.githubstatus.com collector.githubapp.com api.github.com github-cloud.s3.amazonaws.com github-production-repository-file-5c1aeb.s3.amazonaws.com github-production-upload-manifest-file-7fdce7.s3.amazonaws.com github-production-user-asset-6210df.s3.amazonaws.com html-translator.herokuapp.com cdn.optimizely.com logx.optimizely.com/v1/events wss://alive.github.com; font-src github.githubassets.com; form-action 'self' github.com gist.github.com; frame-ancestors 'none'; frame-src render.githubusercontent.com; img-src 'self' data: github.githubassets.com identicons.github.com collector.githubapp.com github-cloud.s3.amazonaws.com secured-user-images.githubusercontent.com/ *.githubusercontent.com; manifest-src 'self'; media-src 'none'; script-src github.githubassets.com; style-src 'unsafe-inline' github.githubassets.com; worker-src github.com/socket-worker-3f088aa2.js gist.github.com/socket-worker-3f088aa2.js","x-github-request-id":"85A6:1F89:4826C93:4A90F22:60AE4B16"}
[debug] [2021-05-26T13:20:22.602Z] >>> [apiv2][query] GET https://api.github.com/user [none]
[debug] [2021-05-26T13:20:22.888Z] <<< [apiv2][status] GET https://api.github.com/user 200
[debug] [2021-05-26T13:20:22.889Z] <<< [apiv2][body] GET https://api.github.com/user {"login":"xvxexe","id":63173286,"node_id":"MDQ6VXNlcjYzMTczMjg2","avatar_url":"https://avatars.githubusercontent.com/u/63173286?v=4","gravatar_id":"","url":"https://api.github.com/users/xvxexe","html_url":"https://github.com/xvxexe","followers_url":"https://api.github.com/users/xvxexe/followers","following_url":"https://api.github.com/users/xvxexe/following{/other_user}","gists_url":"https://api.github.com/users/xvxexe/gists{/gist_id}","starred_url":"https://api.github.com/users/xvxexe/starred{/owner}{/repo}","subscriptions_url":"https://api.github.com/users/xvxexe/subscriptions","organizations_url":"https://api.github.com/users/xvxexe/orgs","repos_url":"https://api.github.com/users/xvxexe/repos","events_url":"https://api.github.com/users/xvxexe/events{/privacy}","received_events_url":"https://api.github.com/users/xvxexe/received_events","type":"User","site_admin":false,"name":null,"company":null,"blog":"","location":null,"email":null,"hireable":null,"bio":null,"twitter_username":null,"public_repos":4,"public_gists":0,"followers":0,"following":0,"created_at":"2020-04-04T23:43:46Z","updated_at":"2021-05-26T13:20:21Z","private_gists":0,"total_private_repos":4,"owned_private_repos":4,"disk_usage":4385,"collaborators":0,"two_factor_authentication":false,"plan":{"name":"free","space":976562499,"collaborators":0,"private_repos":10000}}
[info] 
[info] ✔  Success! Logged into GitHub as xvxexe 
[info] 
